  GrafkomG-SA2020-Tugas2.cpp
C:\Users\Asus\source\repos\GrafkomG-SA2020-Tugas2\GrafkomG-SA2020-Tugas2\GrafkomG-SA2020-Tugas2.cpp(15,15): warning C4244: 'initializing': conversion from 'double' to 'float', possible loss of data
C:\Users\Asus\source\repos\GrafkomG-SA2020-Tugas2\GrafkomG-SA2020-Tugas2\GrafkomG-SA2020-Tugas2.cpp(16,11): warning C4244: 'initializing': conversion from 'double' to 'float', possible loss of data
C:\Users\Asus\source\repos\GrafkomG-SA2020-Tugas2\GrafkomG-SA2020-Tugas2\GrafkomG-SA2020-Tugas2.cpp(17,11): warning C4244: 'initializing': conversion from 'double' to 'float', possible loss of data
C:\Users\Asus\source\repos\GrafkomG-SA2020-Tugas2\GrafkomG-SA2020-Tugas2\GrafkomG-SA2020-Tugas2.cpp(28,15): warning C4244: 'initializing': conversion from 'double' to 'float', possible loss of data
C:\Users\Asus\source\repos\GrafkomG-SA2020-Tugas2\GrafkomG-SA2020-Tugas2\GrafkomG-SA2020-Tugas2.cpp(29,11): warning C4244: 'initializing': conversion from 'double' to 'float', possible loss of data
C:\Users\Asus\source\repos\GrafkomG-SA2020-Tugas2\GrafkomG-SA2020-Tugas2\GrafkomG-SA2020-Tugas2.cpp(30,11): warning C4244: 'initializing': conversion from 'double' to 'float', possible loss of data
C:\Users\Asus\source\repos\GrafkomG-SA2020-Tugas2\GrafkomG-SA2020-Tugas2\GrafkomG-SA2020-Tugas2.cpp(44,48): warning C4244: 'argument': conversion from 'double' to 'GLfloat', possible loss of data
C:\Users\Asus\source\repos\GrafkomG-SA2020-Tugas2\GrafkomG-SA2020-Tugas2\GrafkomG-SA2020-Tugas2.cpp(44,28): warning C4244: 'argument': conversion from 'double' to 'GLfloat', possible loss of data
C:\Users\Asus\source\repos\GrafkomG-SA2020-Tugas2\GrafkomG-SA2020-Tugas2\GrafkomG-SA2020-Tugas2.cpp(53,48): warning C4244: 'argument': conversion from 'double' to 'GLfloat', possible loss of data
C:\Users\Asus\source\repos\GrafkomG-SA2020-Tugas2\GrafkomG-SA2020-Tugas2\GrafkomG-SA2020-Tugas2.cpp(53,28): warning C4244: 'argument': conversion from 'double' to 'GLfloat', possible loss of data
C:\Users\Asus\source\repos\GrafkomG-SA2020-Tugas2\GrafkomG-SA2020-Tugas2\GrafkomG-SA2020-Tugas2.cpp(61,48): warning C4244: 'argument': conversion from 'double' to 'GLfloat', possible loss of data
C:\Users\Asus\source\repos\GrafkomG-SA2020-Tugas2\GrafkomG-SA2020-Tugas2\GrafkomG-SA2020-Tugas2.cpp(61,28): warning C4244: 'argument': conversion from 'double' to 'GLfloat', possible loss of data
C:\Users\Asus\source\repos\GrafkomG-SA2020-Tugas2\GrafkomG-SA2020-Tugas2\GrafkomG-SA2020-Tugas2.cpp(69,60): warning C4244: 'argument': conversion from 'double' to 'GLfloat', possible loss of data
C:\Users\Asus\source\repos\GrafkomG-SA2020-Tugas2\GrafkomG-SA2020-Tugas2\GrafkomG-SA2020-Tugas2.cpp(69,34): warning C4244: 'argument': conversion from 'double' to 'GLfloat', possible loss of data
  Generating code
  Previous IPDB not found, fall back to full compilation.
  All 11 functions were compiled because no usable IPDB/IOBJ from previous compilation was found.
  Finished generating code
  GrafkomG-SA2020-Tugas2.vcxproj -> C:\Users\Asus\source\repos\GrafkomG-SA2020-Tugas2\x64\Release\GrafkomG-SA2020-Tugas2.exe
